Using pre-set license
Built from '2020.2/release' branch; Version is '2020.2.1f1 (270dd8c3da1c) revision 2559448'; Using compiler version '192528614'; Build Type 'Release'
OS: 'Windows 10  (10.0.0) 64bit' Language: 'cs' Physical Memory: 16315 MB
BatchMode: 1, IsHumanControllingUs: 0, StartBugReporterOnCrash: 0, Is64bit: 1, IsPro: 0

 COMMAND LINE ARGUMENTS:
H:\unity\editor\2020.2.1f1\Editor\Unity.exe
-adb2
-batchMode
-noUpm
-name
AssetImportWorker0
-projectPath
S:/GIT/DiplomovaPrace/Horak_Michal_Diplomova_Prace
-logFile
Logs/AssetImportWorker0.log
-srvPort
46147
Successfully changed project path to: S:/GIT/DiplomovaPrace/Horak_Michal_Diplomova_Prace
S:/GIT/DiplomovaPrace/Horak_Michal_Diplomova_Prace
Using Asset Import Pipeline V2.
Assets/Resources/modely/wolf/lowpolywolf/wolf.c4d: Unity no longer supports importing Cinema 4D files directly, but we're working with Maxon to make the experience better. To import Cinema 4D files, install Maxon's external importer. You can find more information on the Unity Forum: https://on.unity.com/c4d.

Please note that FBX files exported from Cinema4D are still supported.

Refreshing native plugins compatible for Editor in 32.07 ms, found 0 plugins.
Preloading 0 native plugins for Editor in 0.00 ms.
Initialize engine version: 2020.2.1f1 (270dd8c3da1c)
[Subsystems] Discovering subsystems at path H:/unity/editor/2020.2.1f1/Editor/Data/Resources/UnitySubsystems
[Subsystems] Discovering subsystems at path S:/GIT/DiplomovaPrace/Horak_Michal_Diplomova_Prace/Assets
GfxDevice: creating device client; threaded=0
Direct3D:
    Version:  Direct3D 11.0 [level 11.1]
    Renderer: NVIDIA GeForce GTX 1060 6GB (ID=0x1c03)
    Vendor:   
    VRAM:     6043 MB
    Driver:   31.0.15.2802
Initialize mono
Mono path[0] = 'H:/unity/editor/2020.2.1f1/Editor/Data/Managed'
Mono path[1] = 'H:/unity/editor/2020.2.1f1/Editor/Data/MonoBleedingEdge/lib/mono/unityjit'
Mono config path = 'H:/unity/editor/2020.2.1f1/Editor/Data/MonoBleedingEdge/etc'
Using monoOptions --debugger-agent=transport=dt_socket,embedding=1,server=y,suspend=n,address=127.0.0.1:56356
Begin MonoManager ReloadAssembly
Registering precompiled unity dll's ...
Register platform support module: H:/unity/editor/2020.2.1f1/Editor/Data/PlaybackEngines/WindowsStandaloneSupport/UnityEditor.WindowsStandalone.Extensions.dll
Registered in 0.001362 seconds.
Native extension for WindowsStandalone target not found
Assets/Resources/modely/wolf/lowpolywolf/wolf.c4d: Unity no longer supports importing Cinema 4D files directly, but we're working with Maxon to make the experience better. To import Cinema 4D files, install Maxon's external importer. You can find more information on the Unity Forum: https://on.unity.com/c4d.

Please note that FBX files exported from Cinema4D are still supported.

Refreshing native plugins compatible for Editor in 29.87 ms, found 0 plugins.
Preloading 0 native plugins for Editor in 0.00 ms.
Invoked RoslynAnalysisRunner static constructor.
RoslynAnalysisRunner will not be running.
RoslynAnalysisRunner has terminated.
Mono: successfully reloaded assembly
- Completed reload, in  3.134 seconds
Platform modules already initialized, skipping
Registering precompiled user dll's ...
Registered in 0.000837 seconds.
Begin MonoManager ReloadAssembly
Native extension for WindowsStandalone target not found
Refreshing native plugins compatible for Editor in 0.33 ms, found 0 plugins.
Preloading 0 native plugins for Editor in 0.00 ms.
Invoked RoslynAnalysisRunner static constructor.
RoslynAnalysisRunner will not be running.
RoslynAnalysisRunner has terminated.
Mono: successfully reloaded assembly
- Completed reload, in  1.017 seconds
Platform modules already initialized, skipping
Assets/Resources/modely/wolf/lowpolywolf/wolf.c4d: Unity no longer supports importing Cinema 4D files directly, but we're working with Maxon to make the experience better. To import Cinema 4D files, install Maxon's external importer. You can find more information on the Unity Forum: https://on.unity.com/c4d.

Please note that FBX files exported from Cinema4D are still supported.

========================================================================
Worker process is ready to serve import requests
Assets/Resources/modely/wolf/lowpolywolf/wolf.c4d: Unity no longer supports importing Cinema 4D files directly, but we're working with Maxon to make the experience better. To import Cinema 4D files, install Maxon's external importer. You can find more information on the Unity Forum: https://on.unity.com/c4d.

Please note that FBX files exported from Cinema4D are still supported.

Launched and connected shader compiler UnityShaderCompiler.exe after 0.04 seconds
Refreshing native plugins compatible for Editor in 0.27 ms, found 0 plugins.
Preloading 0 native plugins for Editor in 0.00 ms.
Unloading 1232 Unused Serialized files (Serialized files now loaded: 0)
System memory in use before: 76.1 MB.
System memory in use after: 76.2 MB.

Unloading 9 unused Assets to reduce memory usage. Loaded Objects now: 1693.
Total: 2.017500 ms (FindLiveObjects: 0.172800 ms CreateObjectMapping: 0.033500 ms MarkObjects: 1.719400 ms  DeleteObjects: 0.090600 ms)

========================================================================
Received Import Request.
  path: Assets/Prefab.prefab
  artifactKey: Guid(a49209e08ad96e049a8f766ccbda28e9) Importer(815301076,1909f56bfc062723c751e8b465ee728b)
Start importing Assets/Prefab.prefab using Guid(a49209e08ad96e049a8f766ccbda28e9) Importer(815301076,1909f56bfc062723c751e8b465ee728b)  -> (artifact id: '41320107bb8673325ce50911db6eac17') in 0.053346 seconds
  Import took 0.055701 seconds .

========================================================================
Received Import Request.
  Time since last request: 0.000273 seconds.
  path: Assets/NAVMESHa.prefab
  artifactKey: Guid(23d063276f2514e4a88b695e11863e09) Importer(815301076,1909f56bfc062723c751e8b465ee728b)
Start importing Assets/NAVMESHa.prefab using Guid(23d063276f2514e4a88b695e11863e09) Importer(815301076,1909f56bfc062723c751e8b465ee728b)  -> (artifact id: 'a77b1d76ae07dfef30f86f17a39fdc53') in 0.010446 seconds
  Import took 0.012778 seconds .

========================================================================
Received Import Request.
  Time since last request: 3.552460 seconds.
  path: Assets/MyExportFolder
  artifactKey: Guid(5fa990b0716c28a4da5c80788c4f477e) Importer(815301076,1909f56bfc062723c751e8b465ee728b)
Start importing Assets/MyExportFolder using Guid(5fa990b0716c28a4da5c80788c4f477e) Importer(815301076,1909f56bfc062723c751e8b465ee728b)  -> (artifact id: '4e483596b930eec18be1c0efcd28a682') in 0.002498 seconds
  Import took 0.005428 seconds .

========================================================================
Received Import Request.
  Time since last request: 0.001562 seconds.
  path: Assets/MyExportFolder
  artifactKey: Guid(5fa990b0716c28a4da5c80788c4f477e) Importer(815301076,1909f56bfc062723c751e8b465ee728b)
Start importing Assets/MyExportFolder using Guid(5fa990b0716c28a4da5c80788c4f477e) Importer(815301076,1909f56bfc062723c751e8b465ee728b)  -> (artifact id: '4e483596b930eec18be1c0efcd28a682') in 0.002902 seconds
  Import took 0.005504 seconds .

========================================================================
Received Import Request.
  Time since last request: 4.665744 seconds.
  path: Assets/2mapaSumu/Generat_and_terrain
  artifactKey: Guid(d87b065658e73f648b1742513f6c926b) Importer(815301076,1909f56bfc062723c751e8b465ee728b)
Start importing Assets/2mapaSumu/Generat_and_terrain using Guid(d87b065658e73f648b1742513f6c926b) Importer(815301076,1909f56bfc062723c751e8b465ee728b)  -> (artifact id: 'c4f1fa19491416dfd779ed7d6fc5e075') in 0.003305 seconds
  Import took 0.005729 seconds .

========================================================================
Received Import Request.
  Time since last request: 0.000277 seconds.
  path: Assets/2mapaSumu/Generat_and_terrain
  artifactKey: Guid(d87b065658e73f648b1742513f6c926b) Importer(815301076,1909f56bfc062723c751e8b465ee728b)
Start importing Assets/2mapaSumu/Generat_and_terrain using Guid(d87b065658e73f648b1742513f6c926b) Importer(815301076,1909f56bfc062723c751e8b465ee728b)  -> (artifact id: 'c4f1fa19491416dfd779ed7d6fc5e075') in 0.014492 seconds
  Import took 0.017900 seconds .

========================================================================
Received Import Request.
  Time since last request: 0.583608 seconds.
  path: Assets/2mapaSumu/Animals
  artifactKey: Guid(b06b68be74be97a43babd08ce4b08b9e) Importer(815301076,1909f56bfc062723c751e8b465ee728b)
Start importing Assets/2mapaSumu/Animals using Guid(b06b68be74be97a43babd08ce4b08b9e) Importer(815301076,1909f56bfc062723c751e8b465ee728b)  -> (artifact id: 'd7534cc592e8e5f4875353d362f9394d') in 0.008683 seconds
  Import took 0.011128 seconds .

========================================================================
Received Prepare
Assets/Resources/modely/wolf/lowpolywolf/wolf.c4d: Unity no longer supports importing Cinema 4D files directly, but we're working with Maxon to make the experience better. To import Cinema 4D files, install Maxon's external importer. You can find more information on the Unity Forum: https://on.unity.com/c4d.

Please note that FBX files exported from Cinema4D are still supported.

Registering precompiled user dll's ...
Registered in 0.000916 seconds.
Begin MonoManager ReloadAssembly
Native extension for WindowsStandalone target not found
Refreshing native plugins compatible for Editor in 0.39 ms, found 0 plugins.
Preloading 0 native plugins for Editor in 0.00 ms.
Invoked RoslynAnalysisRunner static constructor.
RoslynAnalysisRunner will not be running.
RoslynAnalysisRunner has terminated.
Mono: successfully reloaded assembly
- Completed reload, in  1.014 seconds
Platform modules already initialized, skipping
Refreshing native plugins compatible for Editor in 0.28 ms, found 0 plugins.
Preloading 0 native plugins for Editor in 0.00 ms.
Unloading 1212 Unused Serialized files (Serialized files now loaded: 0)
System memory in use before: 76.0 MB.
System memory in use after: 76.1 MB.

Unloading 7 unused Assets to reduce memory usage. Loaded Objects now: 1693.
Total: 1.792900 ms (FindLiveObjects: 0.160000 ms CreateObjectMapping: 0.032000 ms MarkObjects: 1.529600 ms  DeleteObjects: 0.070200 ms)

========================================================================
Received Import Request.
  Time since last request: 59.891556 seconds.
  path: Assets/Scenes/MainMenu.unity
  artifactKey: Guid(caefabd527b8dad4f903203cc3d25f19) Importer(815301076,1909f56bfc062723c751e8b465ee728b)
Start importing Assets/Scenes/MainMenu.unity using Guid(caefabd527b8dad4f903203cc3d25f19) Importer(815301076,1909f56bfc062723c751e8b465ee728b)  -> (artifact id: '5d3ad2fafba81fbbbf279f870d144a6b') in 0.020861 seconds
  Import took 0.023645 seconds .

========================================================================
Received Import Request.
  Time since last request: 104.805874 seconds.
  path: Assets/Scenes/Simulation.unity
  artifactKey: Guid(9fc0d4010bbf28b4594072e72b8655ab) Importer(815301076,1909f56bfc062723c751e8b465ee728b)
Start importing Assets/Scenes/Simulation.unity using Guid(9fc0d4010bbf28b4594072e72b8655ab) Importer(815301076,1909f56bfc062723c751e8b465ee728b)  -> (artifact id: 'bea21a1db4f60d4a5cb343a96b7e604d') in 0.005265 seconds
  Import took 0.007739 seconds .

========================================================================
Received Prepare
Assets/Resources/modely/wolf/lowpolywolf/wolf.c4d: Unity no longer supports importing Cinema 4D files directly, but we're working with Maxon to make the experience better. To import Cinema 4D files, install Maxon's external importer. You can find more information on the Unity Forum: https://on.unity.com/c4d.

Please note that FBX files exported from Cinema4D are still supported.

Registering precompiled user dll's ...
Registered in 0.001248 seconds.
Begin MonoManager ReloadAssembly
Native extension for WindowsStandalone target not found
Refreshing native plugins compatible for Editor in 0.44 ms, found 0 plugins.
Preloading 0 native plugins for Editor in 0.00 ms.
Invoked RoslynAnalysisRunner static constructor.
RoslynAnalysisRunner will not be running.
RoslynAnalysisRunner has terminated.
Mono: successfully reloaded assembly
- Completed reload, in  0.929 seconds
Platform modules already initialized, skipping
Refreshing native plugins compatible for Editor in 0.29 ms, found 0 plugins.
Preloading 0 native plugins for Editor in 0.00 ms.
Unloading 1212 Unused Serialized files (Serialized files now loaded: 0)
System memory in use before: 76.1 MB.
System memory in use after: 76.2 MB.

Unloading 5 unused Assets to reduce memory usage. Loaded Objects now: 1695.
Total: 1.941400 ms (FindLiveObjects: 0.171600 ms CreateObjectMapping: 0.031700 ms MarkObjects: 1.658800 ms  DeleteObjects: 0.078300 ms)

========================================================================
Received Prepare
Assets/Resources/modely/wolf/lowpolywolf/wolf.c4d: Unity no longer supports importing Cinema 4D files directly, but we're working with Maxon to make the experience better. To import Cinema 4D files, install Maxon's external importer. You can find more information on the Unity Forum: https://on.unity.com/c4d.

Please note that FBX files exported from Cinema4D are still supported.

Registering precompiled user dll's ...
Registered in 0.001261 seconds.
Begin MonoManager ReloadAssembly
Native extension for WindowsStandalone target not found
Refreshing native plugins compatible for Editor in 0.28 ms, found 0 plugins.
Preloading 0 native plugins for Editor in 0.00 ms.
Invoked RoslynAnalysisRunner static constructor.
RoslynAnalysisRunner will not be running.
RoslynAnalysisRunner has terminated.
Mono: successfully reloaded assembly
- Completed reload, in  0.916 seconds
Platform modules already initialized, skipping
Refreshing native plugins compatible for Editor in 0.42 ms, found 0 plugins.
Preloading 0 native plugins for Editor in 0.00 ms.
Unloading 1212 Unused Serialized files (Serialized files now loaded: 0)
System memory in use before: 76.1 MB.
System memory in use after: 76.2 MB.

Unloading 5 unused Assets to reduce memory usage. Loaded Objects now: 1697.
Total: 1.809000 ms (FindLiveObjects: 0.164200 ms CreateObjectMapping: 0.030800 ms MarkObjects: 1.537500 ms  DeleteObjects: 0.074900 ms)

========================================================================
Received Import Request.
  Time since last request: 208.910752 seconds.
  path: Assets/Scenes/Simulation.unity
  artifactKey: Guid(9fc0d4010bbf28b4594072e72b8655ab) Importer(815301076,1909f56bfc062723c751e8b465ee728b)
Start importing Assets/Scenes/Simulation.unity using Guid(9fc0d4010bbf28b4594072e72b8655ab) Importer(815301076,1909f56bfc062723c751e8b465ee728b)  -> (artifact id: '2a9f5413ed7bc0e3c1c03a6957359bb6') in 0.013634 seconds
  Import took 0.016283 seconds .

========================================================================
Received Prepare
Assets/Resources/modely/wolf/lowpolywolf/wolf.c4d: Unity no longer supports importing Cinema 4D files directly, but we're working with Maxon to make the experience better. To import Cinema 4D files, install Maxon's external importer. You can find more information on the Unity Forum: https://on.unity.com/c4d.

Please note that FBX files exported from Cinema4D are still supported.

Registering precompiled user dll's ...
Registered in 0.001150 seconds.
Begin MonoManager ReloadAssembly
Native extension for WindowsStandalone target not found
Refreshing native plugins compatible for Editor in 0.29 ms, found 0 plugins.
Preloading 0 native plugins for Editor in 0.00 ms.
Invoked RoslynAnalysisRunner static constructor.
RoslynAnalysisRunner will not be running.
RoslynAnalysisRunner has terminated.
Mono: successfully reloaded assembly
- Completed reload, in  0.924 seconds
Platform modules already initialized, skipping
Refreshing native plugins compatible for Editor in 0.47 ms, found 0 plugins.
Preloading 0 native plugins for Editor in 0.00 ms.
Unloading 1212 Unused Serialized files (Serialized files now loaded: 0)
System memory in use before: 76.1 MB.
System memory in use after: 76.2 MB.

Unloading 5 unused Assets to reduce memory usage. Loaded Objects now: 1699.
Total: 2.596900 ms (FindLiveObjects: 0.219600 ms CreateObjectMapping: 0.041800 ms MarkObjects: 2.247400 ms  DeleteObjects: 0.086900 ms)

========================================================================
Received Prepare
Assets/Resources/modely/wolf/lowpolywolf/wolf.c4d: Unity no longer supports importing Cinema 4D files directly, but we're working with Maxon to make the experience better. To import Cinema 4D files, install Maxon's external importer. You can find more information on the Unity Forum: https://on.unity.com/c4d.

Please note that FBX files exported from Cinema4D are still supported.

Registering precompiled user dll's ...
Registered in 0.001580 seconds.
Begin MonoManager ReloadAssembly
Native extension for WindowsStandalone target not found
Refreshing native plugins compatible for Editor in 0.37 ms, found 0 plugins.
Preloading 0 native plugins for Editor in 0.00 ms.
Invoked RoslynAnalysisRunner static constructor.
RoslynAnalysisRunner will not be running.
RoslynAnalysisRunner has terminated.
Mono: successfully reloaded assembly
- Completed reload, in  0.928 seconds
Platform modules already initialized, skipping
Refreshing native plugins compatible for Editor in 0.37 ms, found 0 plugins.
Preloading 0 native plugins for Editor in 0.00 ms.
Unloading 1212 Unused Serialized files (Serialized files now loaded: 0)
System memory in use before: 76.1 MB.
System memory in use after: 76.2 MB.

Unloading 5 unused Assets to reduce memory usage. Loaded Objects now: 1701.
Total: 2.532000 ms (FindLiveObjects: 0.211100 ms CreateObjectMapping: 0.042100 ms MarkObjects: 2.170400 ms  DeleteObjects: 0.107100 ms)

========================================================================
Received Prepare
Assets/Resources/modely/wolf/lowpolywolf/wolf.c4d: Unity no longer supports importing Cinema 4D files directly, but we're working with Maxon to make the experience better. To import Cinema 4D files, install Maxon's external importer. You can find more information on the Unity Forum: https://on.unity.com/c4d.

Please note that FBX files exported from Cinema4D are still supported.

Registering precompiled user dll's ...
Registered in 0.001131 seconds.
Begin MonoManager ReloadAssembly
Native extension for WindowsStandalone target not found
Refreshing native plugins compatible for Editor in 0.34 ms, found 0 plugins.
Preloading 0 native plugins for Editor in 0.00 ms.
Invoked RoslynAnalysisRunner static constructor.
RoslynAnalysisRunner will not be running.
RoslynAnalysisRunner has terminated.
Mono: successfully reloaded assembly
- Completed reload, in  1.076 seconds
Platform modules already initialized, skipping
Refreshing native plugins compatible for Editor in 0.47 ms, found 0 plugins.
Preloading 0 native plugins for Editor in 0.00 ms.
Unloading 1212 Unused Serialized files (Serialized files now loaded: 0)
System memory in use before: 76.1 MB.
System memory in use after: 76.2 MB.

Unloading 5 unused Assets to reduce memory usage. Loaded Objects now: 1703.
Total: 2.274700 ms (FindLiveObjects: 0.300500 ms CreateObjectMapping: 0.055000 ms MarkObjects: 1.839900 ms  DeleteObjects: 0.077400 ms)

========================================================================
Received Import Request.
  Time since last request: 217.998713 seconds.
  path: Assets/Scenes/Simulation.unity
  artifactKey: Guid(9fc0d4010bbf28b4594072e72b8655ab) Importer(815301076,1909f56bfc062723c751e8b465ee728b)
Start importing Assets/Scenes/Simulation.unity using Guid(9fc0d4010bbf28b4594072e72b8655ab) Importer(815301076,1909f56bfc062723c751e8b465ee728b)  -> (artifact id: '1dada9486ba1e7176c99f9399e817d9d') in 0.021641 seconds
  Import took 0.025000 seconds .

========================================================================
Received Prepare
Assets/Resources/modely/wolf/lowpolywolf/wolf.c4d: Unity no longer supports importing Cinema 4D files directly, but we're working with Maxon to make the experience better. To import Cinema 4D files, install Maxon's external importer. You can find more information on the Unity Forum: https://on.unity.com/c4d.

Please note that FBX files exported from Cinema4D are still supported.

Registering precompiled user dll's ...
Registered in 0.001184 seconds.
Begin MonoManager ReloadAssembly
Native extension for WindowsStandalone target not found
Refreshing native plugins compatible for Editor in 0.40 ms, found 0 plugins.
Preloading 0 native plugins for Editor in 0.00 ms.
Invoked RoslynAnalysisRunner static constructor.
RoslynAnalysisRunner will not be running.
RoslynAnalysisRunner has terminated.
Mono: successfully reloaded assembly
- Completed reload, in  1.110 seconds
Platform modules already initialized, skipping
Refreshing native plugins compatible for Editor in 0.40 ms, found 0 plugins.
Preloading 0 native plugins for Editor in 0.00 ms.
Unloading 1212 Unused Serialized files (Serialized files now loaded: 0)
System memory in use before: 76.1 MB.
System memory in use after: 76.2 MB.

Unloading 5 unused Assets to reduce memory usage. Loaded Objects now: 1705.
Total: 2.143600 ms (FindLiveObjects: 0.299700 ms CreateObjectMapping: 0.059400 ms MarkObjects: 1.704800 ms  DeleteObjects: 0.077800 ms)

AssetImportWorkerClient::OnTransportError - code=2 error=End of file
